<?xml version="1.0" encoding="UTF-8"?>
<!-- Generated by org.testng.reporters.JUnitReportReporter -->
<testsuite hostname="NCDWIN7PXD17114" name="au.wow.ngbomain.tests.GoodsMovementTests" tests="1" failures="0" timestamp="8 Jan 2019 10:19:10 GMT" time="224.668" errors="0">
  <testcase name="VerifyGoodsRTVPBD" time="224.668" classname="au.wow.ngbomain.tests.GoodsMovementTests"/>
</testsuite> <!-- au.wow.ngbomain.tests.GoodsMovementTests -->
