<?xml version="1.0" encoding="UTF-8"?>
<!-- Generated by org.testng.reporters.JUnitReportReporter -->
<testsuite hostname="NCDWIN7PXD17114" name="au.wow.ngbomain.tests.OrderCreationTests" tests="1" failures="0" timestamp="2 Jan 2019 10:02:39 GMT" time="35.101" errors="0">
  <testcase name="UpdatingReceivedVendorOrder" time="35.101" classname="au.wow.ngbomain.tests.OrderCreationTests"/>
</testsuite> <!-- au.wow.ngbomain.tests.OrderCreationTests -->
