<?xml version="1.0" encoding="UTF-8"?>
<!-- Generated by org.testng.reporters.JUnitReportReporter -->
<testsuite hostname="NNORSOGFLT743" name="au.wow.ngbomain.tests.LaybyReports" tests="1" failures="1" timestamp="10 Jul 2019 09:34:29 GMT" time="129.227" errors="0">
  <testcase name="LaybyDateStoreReport_Sort" time="129.227" classname="au.wow.ngbomain.tests.LaybyReports">
    <failure type="java.lang.AssertionError" message="Advertiser is not in alphabetical order. expected [true] but found [false]">
      <![CDATA[java.lang.AssertionError: Advertiser is not in alphabetical order. expected [true] but found [false]
	at org.testng.Assert.fail(Assert.java:94)
	at org.testng.Assert.failNotEquals(Assert.java:496)
	at org.testng.Assert.assertTrue(Assert.java:42)
	at au.wow.ngbomain.tests.LaybyReports.LaybyDateStoreReport_Sort(LaybyReports.java:335)
	at sun.reflect.NativeMethodAccessorImpl.invoke0(Native Method)
	at sun.reflect.NativeMethodAccessorImpl.invoke(Unknown Source)
	at sun.reflect.DelegatingMethodAccessorImpl.invoke(Unknown Source)
	at java.lang.reflect.Method.invoke(Unknown Source)
	at org.testng.internal.MethodInvocationHelper.invokeMethod(MethodInvocationHelper.java:85)
	at org.testng.internal.Invoker.invokeMethod(Invoker.java:639)
	at org.testng.internal.Invoker.invokeTestMethod(Invoker.java:816)
	at org.testng.internal.Invoker.invokeTestMethods(Invoker.java:1124)
	at org.testng.internal.TestMethodWorker.invokeTestMethods(TestMethodWorker.java:125)
	at org.testng.internal.TestMethodWorker.run(TestMethodWorker.java:108)
	at java.util.concurrent.ThreadPoolExecutor.runWorker(Unknown Source)
	at java.util.concurrent.ThreadPoolExecutor$Worker.run(Unknown Source)
	at java.lang.Thread.run(Unknown Source)
]]>
    </failure>
  </testcase> <!-- LaybyDateStoreReport_Sort -->
</testsuite> <!-- au.wow.ngbomain.tests.LaybyReports -->
