<?xml version="1.0" encoding="UTF-8"?>
<!-- Generated by org.testng.reporters.JUnitReportReporter -->
<testsuite hostname="NCDWIN7PXD17114" name="au.wow.ngbomain.tests.ReceivingSegmentsTest" tests="1" failures="0" timestamp="9 Jan 2019 11:59:17 GMT" time="322.171" errors="0">
  <testcase name="ReceivingWarehouseMultipleSegmentOrderBothAcceptandRejectLineByLine" time="322.171" classname="au.wow.ngbomain.tests.ReceivingSegmentsTest"/>
</testsuite> <!-- au.wow.ngbomain.tests.ReceivingSegmentsTest -->
