<?xml version="1.0" encoding="UTF-8"?>
<!-- Generated by org.testng.reporters.JUnitReportReporter -->
<testsuite hostname="NCDWIN7PXD17114" name="au.wow.ngbomain.tests.RepairsAndSparesTest" tests="1" failures="0" timestamp="10 Jan 2019 04:47:08 GMT" time="60.819" errors="0">
  <testcase name="goodsDispatchAndPickUpDateForRepairCustomerOrder" time="60.819" classname="au.wow.ngbomain.tests.RepairsAndSparesTest"/>
</testsuite> <!-- au.wow.ngbomain.tests.RepairsAndSparesTest -->
