<?xml version="1.0" encoding="UTF-8"?>
<!-- Generated by org.testng.reporters.JUnitReportReporter -->
<testsuite hostname="NNORSOGFLT743" name="au.wow.ngbomain.tests.LaybyProducts" tests="1" failures="0" timestamp="11 Sep 2019 01:19:07 GMT" time="540.394" errors="0">
  <testcase name="LaybyProducts_FDNewProduct" time="540.394" classname="au.wow.ngbomain.tests.LaybyProducts"/>
</testsuite> <!-- au.wow.ngbomain.tests.LaybyProducts -->
