<?xml version="1.0" encoding="UTF-8"?>
<!-- Generated by org.testng.reporters.JUnitReportReporter -->
<testsuite hostname="NCDWIN7PXD17427" name="au.wow.ngbomain.tests.Sampletest" tests="1" failures="0" timestamp="16 Jan 2019 07:25:22 GMT" time="22.238" errors="1">
  <testcase name="check" time="22.238" classname="au.wow.ngbomain.tests.Sampletest">
    <error type="java.sql.SQLException" message="[Sybase][JDBC Driver][SQL Anywhere]Connection error: No IP address found for null">
      <![CDATA[java.sql.SQLException: [Sybase][JDBC Driver][SQL Anywhere]Connection error: No IP address found for null
	at sybase.jdbc4.sqlanywhere.IDriver.makeODBCConnection(Native Method)
	at sybase.jdbc4.sqlanywhere.IDriver.connect(IDriver.java:809)
	at java.sql.DriverManager.getConnection(Unknown Source)
	at java.sql.DriverManager.getConnection(Unknown Source)
	at au.wow.ngbo.utils.SQLWrapper.connectToRCDB(SQLWrapper.java:58)
	at au.wow.ngbo.utils.SQLWrapper.executeQuery(SQLWrapper.java:146)
	at au.wow.ngbomain.tests.Sampletest.check(Sampletest.java:74)
	at sun.reflect.NativeMethodAccessorImpl.invoke0(Native Method)
	at sun.reflect.NativeMethodAccessorImpl.invoke(Unknown Source)
	at sun.reflect.DelegatingMethodAccessorImpl.invoke(Unknown Source)
	at java.lang.reflect.Method.invoke(Unknown Source)
	at org.testng.internal.MethodInvocationHelper.invokeMethod(MethodInvocationHelper.java:85)
	at org.testng.internal.Invoker.invokeMethod(Invoker.java:639)
	at org.testng.internal.Invoker.invokeTestMethod(Invoker.java:816)
	at org.testng.internal.Invoker.invokeTestMethods(Invoker.java:1124)
	at org.testng.internal.TestMethodWorker.invokeTestMethods(TestMethodWorker.java:125)
	at org.testng.internal.TestMethodWorker.run(TestMethodWorker.java:108)
	at java.util.concurrent.ThreadPoolExecutor.runWorker(Unknown Source)
	at java.util.concurrent.ThreadPoolExecutor$Worker.run(Unknown Source)
	at java.lang.Thread.run(Unknown Source)
]]>
    </error>
  </testcase> <!-- check -->
</testsuite> <!-- au.wow.ngbomain.tests.Sampletest -->
