<?xml version="1.0" encoding="UTF-8"?>
<!-- Generated by org.testng.reporters.JUnitReportReporter -->
<testsuite hostname="NNORSOGFLT743" name="au.wow.ngbomain.tests.LaybyManagement" tests="1" failures="0" timestamp="28 Jun 2019 07:37:29 GMT" time="35.070" errors="0">
  <testcase name="UpdateLocation" time="35.070" classname="au.wow.ngbomain.tests.LaybyManagement"/>
</testsuite> <!-- au.wow.ngbomain.tests.LaybyManagement -->
