<?xml version="1.0" encoding="UTF-8"?>
<!-- Generated by org.testng.reporters.JUnitReportReporter -->
<testsuite hostname="NCDWIN7PXD17050" name="au.wow.ngbomain.tests.ReceivingTests" tests="1" failures="0" timestamp="25 Apr 2018 05:27:37 GMT" time="58.240" errors="0">
  <testcase name="ReceivingVirtualDCOrderByException" time="58.240" classname="au.wow.ngbomain.tests.ReceivingTests"/>
</testsuite> <!-- au.wow.ngbomain.tests.ReceivingTests -->
