<?xml version="1.0" encoding="UTF-8"?>
<!-- Generated by org.testng.reporters.JUnitReportReporter -->
<testsuite hostname="NCDWIN7PXD17050" name="au.wow.ngbomain.tests.oocreporttest" tests="13" failures="0" timestamp="6 Dec 2018 05:21:25 GMT" time="542.247" errors="0">
  <testcase name="subcategory" time="24.746" classname="au.wow.ngbomain.tests.oocreporttest"/>
  <testcase name="datediscrepancy" time="23.993" classname="au.wow.ngbomain.tests.oocreporttest"/>
  <testcase name="dateselectiondiscrepancy" time="47.887" classname="au.wow.ngbomain.tests.oocreporttest"/>
  <testcase name="verifyactiontodaycount" time="24.249" classname="au.wow.ngbomain.tests.oocreporttest"/>
  <testcase name="verifyreportpartial" time="139.562" classname="au.wow.ngbomain.tests.oocreporttest"/>
  <testcase name="category" time="29.756" classname="au.wow.ngbomain.tests.oocreporttest"/>
  <testcase name="verifyprintreport" time="47.756" classname="au.wow.ngbomain.tests.oocreporttest"/>
  <testcase name="multdept" time="25.437" classname="au.wow.ngbomain.tests.oocreporttest"/>
  <testcase name="nodepartmentselect" time="24.506" classname="au.wow.ngbomain.tests.oocreporttest"/>
  <testcase name="verifypagination" time="37.652" classname="au.wow.ngbomain.tests.oocreporttest"/>
  <testcase name="primarydepartment1" time="36.925" classname="au.wow.ngbomain.tests.oocreporttest"/>
  <testcase name="segment" time="41.373" classname="au.wow.ngbomain.tests.oocreporttest"/>
  <testcase name="nodepartment" time="38.405" classname="au.wow.ngbomain.tests.oocreporttest"/>
</testsuite> <!-- au.wow.ngbomain.tests.oocreporttest -->
