<?xml version="1.0" encoding="UTF-8"?>
<!-- Generated by org.testng.reporters.JUnitReportReporter -->
<testsuite hostname="NCDWIN7PXD17050" name="au.wow.ngbomain.tests.ORTests" tests="3" failures="0" timestamp="5 Dec 2018 17:56:54 GMT" time="1028.236" errors="0">
  <testcase name="AddArticlesForIBTOrder" time="40.918" classname="au.wow.ngbomain.tests.ORTests"/>
  <testcase name="orderAdvanceSearch" time="839.347" classname="au.wow.ngbomain.tests.ORTests"/>
  <testcase name="AddArticlesForOrderCreation" time="147.971" classname="au.wow.ngbomain.tests.ORTests"/>
</testsuite> <!-- au.wow.ngbomain.tests.ORTests -->
