<?xml version="1.0" encoding="UTF-8"?>
<!-- Generated by org.testng.reporters.JUnitReportReporter -->
<testsuite hostname="NCDWIN7PXD17050" name="au.wow.ngbomain.tests.StockAdjustmentTests" tests="29" failures="0" timestamp="6 Dec 2018 05:21:25 GMT" time="1638.663" errors="0">
  <testcase name="verifylookupRandomWeightArticles" time="33.433" classname="au.wow.ngbomain.tests.StockAdjustmentTests"/>
  <testcase name="verifyStockAdjLinkedArticlesEAN" time="68.673" classname="au.wow.ngbomain.tests.StockAdjustmentTests"/>
  <testcase name="verifyStockAdjDisplayArticles" time="63.950" classname="au.wow.ngbomain.tests.StockAdjustmentTests"/>
  <testcase name="checkIDTandRIDT" time="74.787" classname="au.wow.ngbomain.tests.StockAdjustmentTests"/>
  <testcase name="verifyStockAdjEAN" time="42.575" classname="au.wow.ngbomain.tests.StockAdjustmentTests"/>
  <testcase name="mpkAndCARArticles" time="151.372" classname="au.wow.ngbomain.tests.StockAdjustmentTests"/>
  <testcase name="checkWHdelivery" time="33.615" classname="au.wow.ngbomain.tests.StockAdjustmentTests"/>
  <testcase name="verifyStockAdjLinkedArticles" time="66.846" classname="au.wow.ngbomain.tests.StockAdjustmentTests"/>
  <testcase name="verifyStockAdjDisplayArticlesEAN" time="67.989" classname="au.wow.ngbomain.tests.StockAdjustmentTests"/>
  <testcase name="verifylookupDisplayArticles" time="52.192" classname="au.wow.ngbomain.tests.StockAdjustmentTests"/>
  <testcase name="cpbpArticles" time="75.570" classname="au.wow.ngbomain.tests.StockAdjustmentTests"/>
  <testcase name="checkBWSarticle" time="58.986" classname="au.wow.ngbomain.tests.StockAdjustmentTests"/>
  <testcase name="checkWHDelWeiRandomWeiArt" time="34.408" classname="au.wow.ngbomain.tests.StockAdjustmentTests"/>
  <testcase name="cpbdArticleUnreceivedOrders" time="32.411" classname="au.wow.ngbomain.tests.StockAdjustmentTests"/>
  <testcase name="verifylookupLinkedArticles" time="37.371" classname="au.wow.ngbomain.tests.StockAdjustmentTests"/>
  <testcase name="checkIDTandRIDT_weighted" time="44.509" classname="au.wow.ngbomain.tests.StockAdjustmentTests"/>
  <testcase name="verifyStockAdjLinkedArticlesPLU" time="55.967" classname="au.wow.ngbomain.tests.StockAdjustmentTests"/>
  <testcase name="verifyStockAdjLinkedArticlesDescription" time="60.625" classname="au.wow.ngbomain.tests.StockAdjustmentTests"/>
  <testcase name="verifylookupWeightArticles" time="33.236" classname="au.wow.ngbomain.tests.StockAdjustmentTests"/>
  <testcase name="verifyStockAdjArt" time="82.445" classname="au.wow.ngbomain.tests.StockAdjustmentTests"/>
  <testcase name="checkNoNodeIDforIDTandRIDT" time="45.731" classname="au.wow.ngbomain.tests.StockAdjustmentTests"/>
  <testcase name="verifyStockAdjPLU" time="43.805" classname="au.wow.ngbomain.tests.StockAdjustmentTests"/>
  <testcase name="checkIDTandRIDT_randomweighted" time="52.755" classname="au.wow.ngbomain.tests.StockAdjustmentTests"/>
  <testcase name="verifyStockAdjRandomWeighedArticles" time="49.630" classname="au.wow.ngbomain.tests.StockAdjustmentTests"/>
  <testcase name="wareHouseemptyORDERlist" time="44.445" classname="au.wow.ngbomain.tests.StockAdjustmentTests"/>
  <testcase name="verifyStockAdjDesc" time="82.485" classname="au.wow.ngbomain.tests.StockAdjustmentTests"/>
  <testcase name="checkWHDeliveryCPBD" time="32.313" classname="au.wow.ngbomain.tests.StockAdjustmentTests"/>
  <testcase name="verifyStockAdjDisplayArticlesDescription" time="65.965" classname="au.wow.ngbomain.tests.StockAdjustmentTests"/>
  <testcase name="verifyStockAdjWeighedArticles" time="50.574" classname="au.wow.ngbomain.tests.StockAdjustmentTests"/>
</testsuite> <!-- au.wow.ngbomain.tests.StockAdjustmentTests -->
