<?xml version="1.0" encoding="UTF-8"?>
<!-- Generated by org.testng.reporters.JUnitReportReporter -->
<testsuite hostname="NCDWIN7PXD17050" name="au.wow.ngbomain.tests.GapscanReportTests" tests="12" failures="0" timestamp="6 Dec 2018 05:21:25 GMT" time="740.541" errors="0">
  <testcase name="partialdepartmentreviewonly" time="58.477" classname="au.wow.ngbomain.tests.GapscanReportTests"/>
  <testcase name="actionrequiredpartialdepartment" time="62.658" classname="au.wow.ngbomain.tests.GapscanReportTests"/>
  <testcase name="alldepartment" time="53.998" classname="au.wow.ngbomain.tests.GapscanReportTests"/>
  <testcase name="bothprimarydepartment" time="80.776" classname="au.wow.ngbomain.tests.GapscanReportTests"/>
  <testcase name="bothalldepartment" time="48.438" classname="au.wow.ngbomain.tests.GapscanReportTests"/>
  <testcase name="primarydepartment" time="77.230" classname="au.wow.ngbomain.tests.GapscanReportTests"/>
  <testcase name="reviewonlypartialdepartment" time="46.142" classname="au.wow.ngbomain.tests.GapscanReportTests"/>
  <testcase name="reviewonlyalldepartment" time="101.734" classname="au.wow.ngbomain.tests.GapscanReportTests"/>
  <testcase name="printreport" time="52.547" classname="au.wow.ngbomain.tests.GapscanReportTests"/>
  <testcase name="partialdepartmentonly" time="60.653" classname="au.wow.ngbomain.tests.GapscanReportTests"/>
  <testcase name="bothpartialdepartment" time="47.866" classname="au.wow.ngbomain.tests.GapscanReportTests"/>
  <testcase name="ActionrequiredAlldepartment" time="50.022" classname="au.wow.ngbomain.tests.GapscanReportTests"/>
</testsuite> <!-- au.wow.ngbomain.tests.GapscanReportTests -->
