<?xml version="1.0" encoding="UTF-8"?>
<!-- Generated by org.testng.reporters.JUnitReportReporter -->
<testsuite hostname="NCDWIN7PXD05203" name="au.wow.ngbomain.tests.LaybyProductRecall" tests="1" failures="0" timestamp="29 Aug 2019 05:22:36 GMT" time="266.862" errors="0">
  <testcase name="ProductRecall" time="266.862" classname="au.wow.ngbomain.tests.LaybyProductRecall"/>
</testsuite> <!-- au.wow.ngbomain.tests.LaybyProductRecall -->
