<?xml version="1.0" encoding="UTF-8"?>
<!-- Generated by org.testng.reporters.JUnitReportReporter -->
<testsuite hostname="NCDWIN7PXD17050" name="au.wow.ngbomain.tests.EnhancedArticleLookUpTests" tests="19" failures="0" timestamp="5 Dec 2018 17:56:54 GMT" time="2742.928" errors="0">
  <testcase name="enhancedPLUandsupplierInfo" time="68.113" classname="au.wow.ngbomain.tests.EnhancedArticleLookUpTests"/>
  <testcase name="enhancedLookupInputParameter" time="78.870" classname="au.wow.ngbomain.tests.EnhancedArticleLookUpTests"/>
  <testcase name="enhancedPrintTicketAllticket" time="889.017" classname="au.wow.ngbomain.tests.EnhancedArticleLookUpTests"/>
  <testcase name="enhancedArticleLookUpSM" time="53.437" classname="au.wow.ngbomain.tests.EnhancedArticleLookUpTests"/>
  <testcase name="enhancedPriceUnitDetails" time="192.426" classname="au.wow.ngbomain.tests.EnhancedArticleLookUpTests"/>
  <testcase name="enhancedLTODetails" time="127.035" classname="au.wow.ngbomain.tests.EnhancedArticleLookUpTests"/>
  <testcase name="enhancedMPLSCarticles" time="171.831" classname="au.wow.ngbomain.tests.EnhancedArticleLookUpTests"/>
  <testcase name="enhancedFullHistory" time="71.633" classname="au.wow.ngbomain.tests.EnhancedArticleLookUpTests"/>
  <testcase name="enhancedAddAndCompareExpiryDate" time="219.945" classname="au.wow.ngbomain.tests.EnhancedArticleLookUpTests"/>
  <testcase name="enhancedSecurityTag" time="41.999" classname="au.wow.ngbomain.tests.EnhancedArticleLookUpTests"/>
  <testcase name="enhancedPOGdetailsUnitiInfo" time="76.318" classname="au.wow.ngbomain.tests.EnhancedArticleLookUpTests"/>
  <testcase name="enhancedArticleIndicator" time="254.054" classname="au.wow.ngbomain.tests.EnhancedArticleLookUpTests"/>
  <testcase name="enhancedSmartSearch" time="93.250" classname="au.wow.ngbomain.tests.EnhancedArticleLookUpTests"/>
  <testcase name="enhancedCPBDDescriptionCheck" time="45.797" classname="au.wow.ngbomain.tests.EnhancedArticleLookUpTests"/>
  <testcase name="enhancedDraftFunctionality" time="99.060" classname="au.wow.ngbomain.tests.EnhancedArticleLookUpTests"/>
  <testcase name="enhancedPrintTicketDefaultLabel" time="78.701" classname="au.wow.ngbomain.tests.EnhancedArticleLookUpTests"/>
  <testcase name="enhancedPrintTicketDefaultTalker" time="73.585" classname="au.wow.ngbomain.tests.EnhancedArticleLookUpTests"/>
  <testcase name="enhancednearByStores" time="66.651" classname="au.wow.ngbomain.tests.EnhancedArticleLookUpTests"/>
  <testcase name="enhancedSalesHistory" time="41.206" classname="au.wow.ngbomain.tests.EnhancedArticleLookUpTests"/>
</testsuite> <!-- au.wow.ngbomain.tests.EnhancedArticleLookUpTests -->
