<?xml version="1.0" encoding="UTF-8"?>
<!-- Generated by org.testng.reporters.JUnitReportReporter -->
<testsuite hostname="NCDWIN7PXD17050" name="au.wow.ngbomain.tests.InstoreOMATest" tests="19" failures="0" timestamp="29 Nov 2018 06:07:46 GMT" time="3847.135" errors="0">
  <testcase name="MaxPercentageBROMA" time="22.938" classname="au.wow.ngbomain.tests.InstoreOMATest"/>
  <testcase name="MaxPercentageSTMOMA" time="73.831" classname="au.wow.ngbomain.tests.InstoreOMATest"/>
  <testcase name="disabledAdvtPromotion" time="72.124" classname="au.wow.ngbomain.tests.InstoreOMATest"/>
  <testcase name="instoreOMANFFdesc" time="95.522" classname="au.wow.ngbomain.tests.InstoreOMATest"/>
  <testcase name="instoreOMAFFdesc" time="74.716" classname="au.wow.ngbomain.tests.InstoreOMATest"/>
  <testcase name="instoreOMANFF" time="81.212" classname="au.wow.ngbomain.tests.InstoreOMATest"/>
  <testcase name="MaxPercentageDMOMA" time="39.927" classname="au.wow.ngbomain.tests.InstoreOMATest"/>
  <testcase name="MaxPercentageTMOMA" time="78.057" classname="au.wow.ngbomain.tests.InstoreOMATest"/>
  <testcase name="MaxPercentageOAOMA" time="78.138" classname="au.wow.ngbomain.tests.InstoreOMATest"/>
  <testcase name="instorePBDOMA" time="90.949" classname="au.wow.ngbomain.tests.InstoreOMATest"/>
  <testcase name="instoreOMAFF" time="73.510" classname="au.wow.ngbomain.tests.InstoreOMATest"/>
  <testcase name="createdeletedarticleOMA" time="72.927" classname="au.wow.ngbomain.tests.InstoreOMATest"/>
  <testcase name="deactivateRecordOMA" time="29.181" classname="au.wow.ngbomain.tests.InstoreOMATest"/>
  <testcase name="SearchAndFilterPastOMA" time="347.516" classname="au.wow.ngbomain.tests.InstoreOMATest"/>
  <testcase name="verifyactivepromotionfiltersOMA" time="27.075" classname="au.wow.ngbomain.tests.InstoreOMATest"/>
  <testcase name="MaxPercentageOSOMA" time="1115.728" classname="au.wow.ngbomain.tests.InstoreOMATest"/>
  <testcase name="MaxPercentErrorOMA" time="1314.292" classname="au.wow.ngbomain.tests.InstoreOMATest"/>
  <testcase name="MaxPercentageCAOMA" time="79.057" classname="au.wow.ngbomain.tests.InstoreOMATest"/>
  <testcase name="MaxPercentageSMOMA" time="80.435" classname="au.wow.ngbomain.tests.InstoreOMATest"/>
</testsuite> <!-- au.wow.ngbomain.tests.InstoreOMATest -->
