<?xml version="1.0" encoding="UTF-8"?>
<!-- Generated by org.testng.reporters.JUnitReportReporter -->
<testsuite hostname="NCDWIN7PXD17114" name="au.wow.ngbomain.tests.OrderingTests" tests="1" failures="0" timestamp="10 Jan 2019 05:58:10 GMT" time="107.556" errors="0">
  <testcase name="manualPREQDCErrorMessage_noRoster" time="107.556" classname="au.wow.ngbomain.tests.OrderingTests"/>
</testsuite> <!-- au.wow.ngbomain.tests.OrderingTests -->
